<?xml version="1.0" encoding="UTF-8"?>
<!-- Generated by org.testng.reporters.JUnitReportReporter -->
<testsuite hostname="Himanshu" failures="0" tests="1" name="Execution.Runnerclass" time="30.650" errors="0" timestamp="2025-10-13T20:19:56 IST" skipped="0">
  <testcase classname="Execution.Runnerclass" name="runScenario" time="30.650"/>
  <system-out/>
</testsuite> <!-- Execution.Runnerclass -->
