<?xml version="1.0" encoding="UTF-8"?>
<!-- Generated by org.testng.reporters.JUnitReportReporter -->
<testsuite hostname="DESKTOP-BS0P9ML" failures="0" tests="1" name="Execution.Runnerclass" time="13.742" errors="0" timestamp="2025-10-04T19:07:12 IST" skipped="0">
  <testcase classname="Execution.Runnerclass" name="runScenario" time="13.742"/>
  <system-out/>
</testsuite> <!-- Execution.Runnerclass -->
